<?xml version="1.0" encoding="UTF-8"?>
<!-- Generated by org.testng.reporters.JUnitReportReporter -->
<testsuite hostname="DESKTOP-BDCU2EV" failures="0" tests="1" name="TestCases.TC01_Add_Jobs" time="27.770" errors="0" timestamp="2023-02-14T10:32:07 IST" skipped="0">
  <testcase classname="TestCases.TC01_Add_Jobs" name="JobsTest" time="27.770"/>
</testsuite> <!-- TestCases.TC01_Add_Jobs -->
