<?xml version="1.0" encoding="UTF-8"?>
<!-- Generated by org.testng.reporters.JUnitReportReporter -->
<testsuite hostname="DESKTOP-BDCU2EV" failures="0" tests="3" name="A_dataprovider.Valuesfromdp" time="53.109" errors="0" timestamp="2022-12-14T10:20:55 IST" skipped="0">
  <testcase classname="A_dataprovider.Valuesfromdp" name="addskills" time="17.134"/>
  <system-out/>
  <testcase classname="A_dataprovider.Valuesfromdp" name="addskills" time="19.608"/>
  <system-out/>
  <testcase classname="A_dataprovider.Valuesfromdp" name="addskills" time="16.367"/>
  <system-out/>
</testsuite> <!-- A_dataprovider.Valuesfromdp -->
