<?xml version="1.0" encoding="UTF-8"?>
<!-- Generated by org.testng.reporters.JUnitReportReporter -->
<testsuite hostname="DESKTOP-BDCU2EV" failures="0" tests="1" name="A_dropdown.WithoutselectTag" time="26.564" errors="0" timestamp="2022-12-10T10:37:40 IST" skipped="0">
  <testcase classname="A_dropdown.WithoutselectTag" name="f" time="26.564"/>
  <system-out/>
</testsuite> <!-- A_dropdown.WithoutselectTag -->
