<?xml version="1.0" encoding="UTF-8"?>
<!-- Generated by org.testng.reporters.JUnitReportReporter -->
<testsuite hostname="DESKTOP-BDCU2EV" failures="0" tests="3" name="parallelexecutionMethods.alltests" time="50.969" errors="0" timestamp="2022-11-26T10:24:05 IST" skipped="0">
  <testcase classname="parallelexecutionMethods.alltests" name="addjobs" time="16.983"/>
  <system-out/>
  <testcase classname="parallelexecutionMethods.alltests" name="addnationality" time="16.111"/>
  <system-out/>
  <testcase classname="parallelexecutionMethods.alltests" name="addskills" time="17.875"/>
  <system-out/>
</testsuite> <!-- parallelexecutionMethods.alltests -->
