<?xml version="1.0" encoding="UTF-8"?>
<!-- Generated by org.testng.reporters.JUnitReportReporter -->
<testsuite hostname="LAPTOP-D72R403P" failures="0" tests="1" name="A_javascriptexe.pageup_pagedown" time="10.361" errors="0" timestamp="2023-02-13T15:48:12 IST" skipped="0">
  <testcase classname="A_javascriptexe.pageup_pagedown" name="samp" time="10.361"/>
  <system-out/>
</testsuite> <!-- A_javascriptexe.pageup_pagedown -->
