<?xml version="1.0" encoding="UTF-8"?>
<!-- Generated by org.testng.reporters.JUnitReportReporter -->
<testsuite hostname="DESKTOP-BDCU2EV" failures="0" tests="1" name="A_Brokenlink.broken_link" time="7.076" errors="0" timestamp="2022-12-21T10:52:49 IST" skipped="0">
  <testcase classname="A_Brokenlink.broken_link" name="sample" time="7.076"/>
  <system-out/>
</testsuite> <!-- A_Brokenlink.broken_link -->
