<?xml version="1.0" encoding="UTF-8"?>
<!-- Generated by org.testng.reporters.JUnitReportReporter -->
<testsuite hostname="DESKTOP-BDCU2EV" failures="0" tests="3" name="A_dataprovider.valuesfromexcel" time="55.202" errors="0" timestamp="2022-12-14T10:35:10 IST" skipped="0">
  <testcase classname="A_dataprovider.valuesfromexcel" name="Addskills" time="11.724"/>
  <system-out/>
  <testcase classname="A_dataprovider.valuesfromexcel" name="Addskills" time="29.896"/>
  <system-out/>
  <testcase classname="A_dataprovider.valuesfromexcel" name="Addskills" time="13.582"/>
  <system-out/>
</testsuite> <!-- A_dataprovider.valuesfromexcel -->
