<?xml version="1.0" encoding="UTF-8"?>
<!-- Generated by org.testng.reporters.JUnitReportReporter -->
<testsuite hostname="LAPTOP-D72R403P" failures="0" tests="1" name="A_javascriptexe.generate_alert" time="4.079" errors="0" timestamp="2023-02-13T15:03:19 IST" skipped="0">
  <testcase classname="A_javascriptexe.generate_alert" name="samp" time="4.079"/>
  <system-out/>
</testsuite> <!-- A_javascriptexe.generate_alert -->
