<?xml version="1.0" encoding="UTF-8"?>
<!-- Generated by org.testng.reporters.JUnitReportReporter -->
<testsuite hostname="DESKTOP-BDCU2EV" failures="0" tests="1" name="A_frames.frame_by_webelement" time="7.743" errors="0" timestamp="2022-11-25T10:15:12 IST" skipped="0">
  <testcase classname="A_frames.frame_by_webelement" name="samp" time="7.743"/>
  <system-out/>
</testsuite> <!-- A_frames.frame_by_webelement -->
