<?xml version="1.0" encoding="UTF-8"?>
<!-- Generated by org.testng.reporters.JUnitReportReporter -->
<testsuite hostname="DESKTOP-BDCU2EV" failures="0" tests="1" name="actionsclass.resize" time="5.763" errors="0" timestamp="2022-11-17T10:31:16 IST" skipped="0">
  <testcase classname="actionsclass.resize" name="test" time="5.763"/>
  <system-out/>
</testsuite> <!-- actionsclass.resize -->
