<?xml version="1.0" encoding="UTF-8"?>
<!-- Generated by org.testng.reporters.JUnitReportReporter -->
<testsuite hostname="DESKTOP-BDCU2EV" failures="0" tests="1" name="actionsclass.keyboardactions" time="17.821" errors="0" timestamp="2022-11-17T10:49:02 IST" skipped="0">
  <testcase classname="actionsclass.keyboardactions" name="sample" time="17.821"/>
  <system-out/>
</testsuite> <!-- actionsclass.keyboardactions -->
