<?xml version="1.0" encoding="UTF-8"?>
<!-- Generated by org.testng.reporters.JUnitReportReporter -->
<testsuite hostname="DESKTOP-BDCU2EV" failures="0" tests="1" name="A_frames.frame_by_index" time="4.886" errors="0" timestamp="2022-11-25T10:17:22 IST" skipped="0">
  <testcase classname="A_frames.frame_by_index" name="samp" time="4.886"/>
  <system-out/>
</testsuite> <!-- A_frames.frame_by_index -->
