<?xml version="1.0" encoding="UTF-8"?>
<!-- Generated by org.testng.reporters.JUnitReportReporter -->
<testsuite hostname="DESKTOP-BDCU2EV" failures="0" tests="1" name="parallelexecutionClasses.addnationality" time="12.437" errors="0" timestamp="2022-11-26T10:20:58 IST" skipped="0">
  <testcase classname="parallelexecutionClasses.addnationality" name="f" time="12.437"/>
  <system-out/>
</testsuite> <!-- parallelexecutionClasses.addnationality -->
