<?xml version="1.0" encoding="UTF-8"?>
<!-- Generated by org.testng.reporters.JUnitReportReporter -->
<testsuite hostname="DESKTOP-BDCU2EV" failures="0" tests="1" name="A_alerts.confirmalert" time="8.353" errors="0" timestamp="2022-11-25T10:38:23 IST" skipped="0">
  <testcase classname="A_alerts.confirmalert" name="samp" time="8.353"/>
  <system-out/>
</testsuite> <!-- A_alerts.confirmalert -->
