<?xml version="1.0" encoding="UTF-8"?>
<!-- Generated by org.testng.reporters.JUnitReportReporter -->
<testsuite hostname="LAPTOP-D72R403P" failures="0" tests="1" name="A_javascriptexe.highlighting" time="13.255" errors="0" timestamp="2023-02-13T16:26:34 IST" skipped="0">
  <testcase classname="A_javascriptexe.highlighting" name="samp" time="13.255"/>
  <system-out/>
</testsuite> <!-- A_javascriptexe.highlighting -->
