<?xml version="1.0" encoding="UTF-8"?>
<!-- Generated by org.testng.reporters.JUnitReportReporter -->
<testsuite hostname="DESKTOP-BDCU2EV" failures="0" tests="1" name="A_alerts.promptalert11" time="14.473" errors="0" timestamp="2022-11-25T10:50:34 IST" skipped="0">
  <testcase classname="A_alerts.promptalert11" name="samp" time="14.473"/>
  <system-out/>
</testsuite> <!-- A_alerts.promptalert11 -->
