<?xml version="1.0" encoding="UTF-8"?>
<!-- Generated by org.testng.reporters.JUnitReportReporter -->
<testsuite hostname="DESKTOP-BDCU2EV" failures="0" tests="1" name="parallelexecutionClasses.addjobs" time="19.697" errors="0" timestamp="2022-11-26T10:16:35 IST" skipped="0">
  <testcase classname="parallelexecutionClasses.addjobs" name="samp" time="19.697"/>
  <system-out/>
</testsuite> <!-- parallelexecutionClasses.addjobs -->
