<?xml version="1.0" encoding="UTF-8"?>
<!-- Generated by org.testng.reporters.JUnitReportReporter -->
<testsuite hostname="DESKTOP-BDCU2EV" failures="0" tests="1" name="A_Rerun_Failedtestcases.addjobs" time="16.356" errors="0" timestamp="2022-11-19T10:45:40 IST" skipped="0">
  <testcase classname="A_Rerun_Failedtestcases.addjobs" name="samp" time="16.356"/>
  <system-out/>
</testsuite> <!-- A_Rerun_Failedtestcases.addjobs -->
