<?xml version="1.0" encoding="UTF-8"?>
<!-- Generated by org.testng.reporters.JUnitReportReporter -->
<testsuite hostname="DESKTOP-BDCU2EV" failures="0" tests="1" name="actionsclass.slider" time="8.418" errors="0" timestamp="2022-11-17T10:35:13 IST" skipped="0">
  <testcase classname="actionsclass.slider" name="sample" time="8.418"/>
  <system-out/>
</testsuite> <!-- actionsclass.slider -->
