<?xml version="1.0" encoding="UTF-8"?>
<!-- Generated by org.testng.reporters.JUnitReportReporter -->
<testsuite hostname="DESKTOP-BDCU2EV" failures="0" tests="1" name="actionsclass.doubleclick" time="15.478" errors="0" timestamp="2022-11-17T10:13:40 IST" skipped="0">
  <testcase classname="actionsclass.doubleclick" name="mytest" time="15.478"/>
  <system-out/>
</testsuite> <!-- actionsclass.doubleclick -->
