<?xml version="1.0" encoding="UTF-8"?>
<!-- Generated by org.testng.reporters.JUnitReportReporter -->
<testsuite hostname="DESKTOP-BDCU2EV" failures="0" tests="2" name="Day_014_ParallelMethods.AllTests" time="20.264" errors="0" timestamp="2022-09-29T10:22:50 IST" skipped="0">
  <testcase classname="Day_014_ParallelMethods.AllTests" name="TC01_Add_Jobs" time="6.723"/>
  <system-out/>
  <testcase classname="Day_014_ParallelMethods.AllTests" name="TC01_Add_Nationalities" time="13.541"/>
  <system-out/>
</testsuite> <!-- Day_014_ParallelMethods.AllTests -->
