<?xml version="1.0" encoding="UTF-8"?>
<!-- Generated by org.testng.reporters.JUnitReportReporter -->
<testsuite hostname="DESKTOP-BDCU2EV" failures="0" tests="1" name="A_Waits.Threadsleep" time="11.710" errors="0" timestamp="2022-12-21T10:18:38 IST" skipped="0">
  <testcase classname="A_Waits.Threadsleep" name="f" time="11.710"/>
  <system-out/>
</testsuite> <!-- A_Waits.Threadsleep -->
