<?xml version="1.0" encoding="UTF-8"?>
<!-- Generated by org.testng.reporters.JUnitReportReporter -->
<testsuite hostname="LAPTOP-D72R403P" failures="0" tests="1" name="Day_021_Java_Script_Executer.TC01_JavaSE_ScrollByVisibleElement" time="6.777" errors="0" timestamp="2023-02-11T12:04:02 IST" skipped="0">
  <testcase classname="Day_021_Java_Script_Executer.TC01_JavaSE_ScrollByVisibleElement" name="Login" time="6.777"/>
  <system-out/>
</testsuite> <!-- Day_021_Java_Script_Executer.TC01_JavaSE_ScrollByVisibleElement -->
