<?xml version="1.0" encoding="UTF-8"?>
<!-- Generated by org.testng.reporters.JUnitReportReporter -->
<testsuite hostname="DESKTOP-BDCU2EV" failures="0" tests="1" name="ABC_ABC01.TC01_NATIONALITY" time="12.883" errors="0" timestamp="2023-01-27T13:08:47 IST" skipped="0">
  <testcase classname="ABC_ABC01.TC01_NATIONALITY" name="nationality" time="12.883"/>
  <system-out/>
</testsuite> <!-- ABC_ABC01.TC01_NATIONALITY -->
