<?xml version="1.0" encoding="UTF-8"?>
<!-- Generated by org.testng.reporters.JUnitReportReporter -->
<testsuite hostname="DESKTOP-BDCU2EV" failures="0" tests="1" name="parallelexecutionClasses.addskills" time="20.780" errors="0" timestamp="2022-11-26T10:16:35 IST" skipped="0">
  <testcase classname="parallelexecutionClasses.addskills" name="f" time="20.780"/>
  <system-out/>
</testsuite> <!-- parallelexecutionClasses.addskills -->
