<?xml version="1.0" encoding="UTF-8"?>
<!-- Generated by org.testng.reporters.JUnitReportReporter -->
<testsuite hostname="DESKTOP-BDCU2EV" failures="0" tests="2" name="A_dataprovider.valuebrowser" time="80.530" errors="0" timestamp="2022-12-14T10:40:45 IST" skipped="0">
  <testcase classname="A_dataprovider.valuebrowser" name="Addskills" time="42.368"/>
  <system-out/>
  <testcase classname="A_dataprovider.valuebrowser" name="Addskills" time="38.162"/>
  <system-out/>
</testsuite> <!-- A_dataprovider.valuebrowser -->
