<?xml version="1.0" encoding="UTF-8"?>
<!-- Generated by org.testng.reporters.JUnitReportReporter -->
<testsuite hostname="LAPTOP-D72R403P" failures="0" tests="1" name="A_javascriptexe.Open_new_Tab" time="45.690" errors="0" timestamp="2023-02-13T14:48:14 IST" skipped="0">
  <testcase classname="A_javascriptexe.Open_new_Tab" name="samp" time="45.690"/>
  <system-out/>
</testsuite> <!-- A_javascriptexe.Open_new_Tab -->
