<?xml version="1.0" encoding="UTF-8"?>
<!-- Generated by org.testng.reporters.JUnitReportReporter -->
<testsuite hostname="DESKTOP-BDCU2EV" failures="0" tests="1" name="parallelexecutionTests.addjobs" time="19.862" errors="0" timestamp="2022-11-26T10:20:58 IST" skipped="0">
  <testcase classname="parallelexecutionTests.addjobs" name="samp" time="19.862"/>
  <system-out/>
</testsuite> <!-- parallelexecutionTests.addjobs -->
