<?xml version="1.0" encoding="UTF-8"?>
<!-- Generated by org.testng.reporters.JUnitReportReporter -->
<testsuite hostname="DESKTOP-BDCU2EV" failures="0" tests="1" name="A_dropdown.withSelectTag" time="21.223" errors="0" timestamp="2022-12-10T10:16:51 IST" skipped="0">
  <testcase classname="A_dropdown.withSelectTag" name="f" time="21.223"/>
  <system-out/>
</testsuite> <!-- A_dropdown.withSelectTag -->
