<?xml version="1.0" encoding="UTF-8"?>
<!-- Generated by org.testng.reporters.JUnitReportReporter -->
<testsuite hostname="DESKTOP-BDCU2EV" failures="0" tests="1" name="ABC_ABC.TC01_Nationality" time="17.117" errors="0" timestamp="2023-01-27T11:41:38 IST" skipped="0">
  <testcase classname="ABC_ABC.TC01_Nationality" name="LoginTest" time="17.117"/>
  <system-out/>
</testsuite> <!-- ABC_ABC.TC01_Nationality -->
