<?xml version="1.0" encoding="UTF-8"?>
<!-- Generated by org.testng.reporters.JUnitReportReporter -->
<testsuite hostname="DESKTOP-BDCU2EV" failures="0" tests="1" name="A_Emailablereports.Addskills" time="13.056" errors="0" timestamp="2022-11-19T10:33:46 IST" skipped="0">
  <testcase classname="A_Emailablereports.Addskills" name="samp" time="13.056"/>
  <system-out>
    <![CDATA[passed opening browser
Passed opening url
passed login test
passed adding and saving skills
passed closing browser]]>
  </system-out>
</testsuite> <!-- A_Emailablereports.Addskills -->
