<?xml version="1.0" encoding="UTF-8"?>
<!-- Generated by org.testng.reporters.JUnitReportReporter -->
<testsuite hostname="LAPTOP-D72R403P" failures="0" tests="1" name="ABC_ABC1.TC01_Add_Jobs" time="60.476" errors="0" timestamp="2023-02-06T17:54:25 IST" skipped="0">
  <testcase classname="ABC_ABC1.TC01_Add_Jobs" name="JobsTest" time="60.476"/>
  <system-out/>
</testsuite> <!-- ABC_ABC1.TC01_Add_Jobs -->
