<?xml version="1.0" encoding="UTF-8"?>
<!-- Generated by org.testng.reporters.JUnitReportReporter -->
<testsuite hostname="DESKTOP-BDCU2EV" failures="0" tests="1" name="A_Rerun_Failedtestcases.addskills" time="13.434" errors="0" timestamp="2022-11-19T10:42:36 IST" skipped="0">
  <testcase classname="A_Rerun_Failedtestcases.addskills" name="f" time="13.434"/>
  <system-out/>
</testsuite> <!-- A_Rerun_Failedtestcases.addskills -->
