<?xml version="1.0" encoding="UTF-8"?>
<!-- Generated by org.testng.reporters.JUnitReportReporter -->
<testsuite hostname="DESKTOP-BDCU2EV" failures="0" tests="1" name="actionsclass.mouseover" time="7.826" errors="0" timestamp="2022-11-17T10:41:59 IST" skipped="0">
  <testcase classname="actionsclass.mouseover" name="mysample" time="7.826"/>
  <system-out/>
</testsuite> <!-- actionsclass.mouseover -->
