<?xml version="1.0" encoding="UTF-8"?>
<!-- Generated by org.testng.reporters.JUnitReportReporter -->
<testsuite hostname="DESKTOP-BDCU2EV" failures="0" tests="1" name="actionsclass.Rightclick" time="4.262" errors="0" timestamp="2022-11-17T10:23:32 IST" skipped="0">
  <testcase classname="actionsclass.Rightclick" name="mytest" time="4.262"/>
  <system-out/>
</testsuite> <!-- actionsclass.Rightclick -->
