<?xml version="1.0" encoding="UTF-8"?>
<!-- Generated by org.testng.reporters.JUnitReportReporter -->
<testsuite hostname="DESKTOP-BDCU2EV" failures="0" tests="3" name="A_dataprovider.Performance" time="32.493" errors="0" timestamp="2022-12-14T10:54:03 IST" skipped="0">
  <testcase classname="A_dataprovider.Performance" name="skills" time="13.077"/>
  <system-out/>
  <testcase classname="A_dataprovider.Performance" name="skills" time="9.415"/>
  <system-out/>
  <testcase classname="A_dataprovider.Performance" name="skills" time="10.001"/>
  <system-out/>
</testsuite> <!-- A_dataprovider.Performance -->
