<?xml version="1.0" encoding="UTF-8"?>
<!-- Generated by org.testng.reporters.JUnitReportReporter -->
<testsuite hostname="LAPTOP-D72R403P" failures="0" tests="1" name="A_javascriptexe.gettitle" time="7.056" errors="0" timestamp="2023-02-13T15:21:02 IST" skipped="0">
  <testcase classname="A_javascriptexe.gettitle" name="samp" time="7.056"/>
  <system-out/>
</testsuite> <!-- A_javascriptexe.gettitle -->
