<?xml version="1.0" encoding="UTF-8"?>
<!-- Generated by org.testng.reporters.JUnitReportReporter -->
<testsuite hostname="DESKTOP-BDCU2EV" failures="0" tests="1" name="A_alerts.simplealert" time="8.533" errors="0" timestamp="2022-11-25T10:36:38 IST" skipped="0">
  <testcase classname="A_alerts.simplealert" name="samp" time="8.533"/>
  <system-out/>
</testsuite> <!-- A_alerts.simplealert -->
