<?xml version="1.0" encoding="UTF-8"?>
<!-- Generated by org.testng.reporters.JUnitReportReporter -->
<testsuite hostname="DESKTOP-BDCU2EV" failures="0" tests="1" name="actionsclass.Keyboardactions1" time="37.009" errors="0" timestamp="2022-11-17T11:03:47 IST" skipped="0">
  <testcase classname="actionsclass.Keyboardactions1" name="mysamp" time="37.009"/>
  <system-out/>
</testsuite> <!-- actionsclass.Keyboardactions1 -->
