<?xml version="1.0" encoding="UTF-8"?>
<!-- Generated by org.testng.reporters.JUnitReportReporter -->
<testsuite hostname="LAPTOP-D72R403P" failures="0" tests="1" name="A_javascriptexe.sendkeys_and_click" time="8.848" errors="0" timestamp="2023-02-13T12:11:46 IST" skipped="0">
  <testcase classname="A_javascriptexe.sendkeys_and_click" name="samp" time="8.848"/>
  <system-out/>
</testsuite> <!-- A_javascriptexe.sendkeys_and_click -->
