<?xml version="1.0" encoding="UTF-8"?>
<!-- Generated by org.testng.reporters.JUnitReportReporter -->
<testsuite hostname="DESKTOP-BDCU2EV" failures="0" tests="1" name="actionsclass.draganddrop" time="29.260" errors="0" timestamp="2022-11-17T10:19:02 IST" skipped="0">
  <testcase classname="actionsclass.draganddrop" name="sample" time="29.260"/>
  <system-out/>
</testsuite> <!-- actionsclass.draganddrop -->
