<?xml version="1.0" encoding="UTF-8"?>
<!-- Generated by org.testng.reporters.JUnitReportReporter -->
<testsuite hostname="DESKTOP-BDCU2EV" failures="0" tests="1" name="parallelexecutionTests.addskills" time="22.116" errors="0" timestamp="2022-11-26T10:20:58 IST" skipped="0">
  <testcase classname="parallelexecutionTests.addskills" name="f" time="22.116"/>
  <system-out/>
</testsuite> <!-- parallelexecutionTests.addskills -->
