<?xml version="1.0" encoding="UTF-8"?>
<!-- Generated by org.testng.reporters.JUnitReportReporter -->
<testsuite hostname="LAPTOP-D72R403P" failures="0" tests="1" name="A_javascriptexe.Scroll_operations" time="18.722" errors="0" timestamp="2023-02-13T13:33:57 IST" skipped="0">
  <testcase classname="A_javascriptexe.Scroll_operations" name="samp" time="18.722"/>
  <system-out/>
</testsuite> <!-- A_javascriptexe.Scroll_operations -->
